<?xml version="1.0" encoding="UTF-8"?>
<!-- Generated by org.testng.reporters.JUnitReportReporter -->
<testsuite skipped="0" hostname="VAIO" name="com.selenium.test.flights.FlightsTest" tests="1" failures="0" timestamp="21 Apr 2018 11:50:37 GMT" time="167.556" errors="0">
  <testcase name="Test1" time="167.556" classname="com.selenium.test.flights.FlightsTest"/>
</testsuite> <!-- com.selenium.test.flights.FlightsTest -->
